0 info it worked if it ends with ok
1 verbose cli [ 'node', '/usr/local/bin/npm', 'install', '-g', 'lodash' ]
2 info using npm@2.0.2
3 info using node@v0.10.18
4 verbose cache add [ 'lodash', null ]
5 verbose cache add spec="lodash" args=["lodash",null]
6 verbose parsed spec { raw: 'lodash',
6 verbose parsed spec   scope: null,
6 verbose parsed spec   name: 'lodash',
6 verbose parsed spec   rawSpec: '',
6 verbose parsed spec   spec: '*',
6 verbose parsed spec   type: 'range' }
7 verbose parsed spec { raw: 'lodash',
7 verbose parsed spec   scope: null,
7 verbose parsed spec   name: 'lodash',
7 verbose parsed spec   rawSpec: '',
7 verbose parsed spec   spec: '*',
7 verbose parsed spec   type: 'range' }
8 verbose addNamed [ 'lodash', '*' ]
9 verbose addNamed [ null, '*' ]
10 silly lockFile 15f92fc8-lodash lodash@*
11 verbose lock lodash@* /Users/bwebb/.npm/15f92fc8-lodash.lock
12 silly addNameRange { name: 'lodash', range: '*', hasData: false }
13 verbose mapToRegistry name lodash
14 verbose mapToRegistry uri https://registry.npmjs.org/lodash
15 verbose request on initialization, where is /lodash
16 verbose request after pass 1, where is /lodash
17 verbose request url raw /lodash
18 verbose request resolving registry [ 'https://registry.npmjs.org/', './lodash' ]
19 verbose request after pass 2, where is https://registry.npmjs.org/lodash
20 verbose request no auth needed
21 info attempt registry request try #1 at 13:08:42
22 verbose request id 49a7dfc34623cd63
23 verbose etag "3FXZHGT9QWF9CGUT45O4ISO5A"
24 http request GET https://registry.npmjs.org/lodash
25 http 304 https://registry.npmjs.org/lodash
26 silly registry.get cb [ 304,
26 silly registry.get   { date: 'Wed, 01 Oct 2014 20:08:42 GMT',
26 silly registry.get     server: 'Apache',
26 silly registry.get     via: '1.1 varnish',
26 silly registry.get     'last-modified': 'Wed, 01 Oct 2014 20:08:34 GMT',
26 silly registry.get     'cache-control': 'max-age=60',
26 silly registry.get     etag: '"3FXZHGT9QWF9CGUT45O4ISO5A"',
26 silly registry.get     'x-served-by': 'cache-sjc3130-SJC',
26 silly registry.get     'x-cache': 'HIT',
26 silly registry.get     'x-cache-hits': '2',
26 silly registry.get     'x-timer': 'S1412194122.778772,VS0,VE0',
26 silly registry.get     vary: 'Accept',
26 silly registry.get     'content-length': '0',
26 silly registry.get     'keep-alive': 'timeout=10, max=50',
26 silly registry.get     connection: 'Keep-Alive' } ]
27 verbose etag https://registry.npmjs.org/lodash from cache
28 silly addNameRange number 2 { name: 'lodash', range: '*', hasData: true }
29 silly addNameRange versions [ 'lodash',
29 silly addNameRange   [ '0.1.0',
29 silly addNameRange     '0.2.0',
29 silly addNameRange     '0.2.1',
29 silly addNameRange     '0.2.2',
29 silly addNameRange     '0.3.0',
29 silly addNameRange     '0.3.1',
29 silly addNameRange     '0.3.2',
29 silly addNameRange     '0.4.0',
29 silly addNameRange     '0.4.1',
29 silly addNameRange     '0.4.2',
29 silly addNameRange     '0.5.0-rc.1',
29 silly addNameRange     '0.5.0',
29 silly addNameRange     '0.5.1',
29 silly addNameRange     '0.5.2',
29 silly addNameRange     '0.6.0',
29 silly addNameRange     '0.6.1',
29 silly addNameRange     '0.7.0',
29 silly addNameRange     '0.8.0',
29 silly addNameRange     '0.8.1',
29 silly addNameRange     '0.8.2',
29 silly addNameRange     '0.9.0',
29 silly addNameRange     '0.9.1',
29 silly addNameRange     '0.9.2',
29 silly addNameRange     '0.10.0',
29 silly addNameRange     '1.0.0-rc.1',
29 silly addNameRange     '1.0.0-rc.2',
29 silly addNameRange     '1.0.0-rc.3',
29 silly addNameRange     '1.0.0',
29 silly addNameRange     '1.0.1',
29 silly addNameRange     '1.1.0',
29 silly addNameRange     '1.1.1',
29 silly addNameRange     '1.2.0',
29 silly addNameRange     '1.2.1',
29 silly addNameRange     '1.3.0',
29 silly addNameRange     '1.3.1',
29 silly addNameRange     '2.0.0',
29 silly addNameRange     '2.1.0',
29 silly addNameRange     '2.2.0',
29 silly addNameRange     '2.2.1',
29 silly addNameRange     '2.3.0',
29 silly addNameRange     '2.4.0',
29 silly addNameRange     '2.4.1' ] ]
30 verbose addNamed [ 'lodash', '2.4.1' ]
31 verbose addNamed [ '2.4.1', '2.4.1' ]
32 silly lockFile 8502be2a-lodash-2-4-1 lodash@2.4.1
33 verbose lock lodash@2.4.1 /Users/bwebb/.npm/8502be2a-lodash-2-4-1.lock
34 silly lockFile 8502be2a-lodash-2-4-1 lodash@2.4.1
35 silly lockFile 8502be2a-lodash-2-4-1 lodash@2.4.1
36 silly lockFile 15f92fc8-lodash lodash@*
37 silly lockFile 15f92fc8-lodash lodash@*
38 silly resolved [ { name: 'lodash',
38 silly resolved     version: '2.4.1',
38 silly resolved     description: 'A utility library delivering consistency, customization, performance, & extras.',
38 silly resolved     homepage: 'http://lodash.com/',
38 silly resolved     license: 'MIT',
38 silly resolved     main: 'dist/lodash.js',
38 silly resolved     keywords:
38 silly resolved      [ 'amd',
38 silly resolved        'browser',
38 silly resolved        'client',
38 silly resolved        'customize',
38 silly resolved        'functional',
38 silly resolved        'server',
38 silly resolved        'util' ],
38 silly resolved     author:
38 silly resolved      { name: 'John-David Dalton',
38 silly resolved        email: 'john.david.dalton@gmail.com',
38 silly resolved        url: 'http://allyoucanleet.com/' },
38 silly resolved     contributors: [ [Object], [Object], [Object], [Object] ],
38 silly resolved     bugs: { url: 'https://github.com/lodash/lodash/issues' },
38 silly resolved     repository: { type: 'git', url: 'https://github.com/lodash/lodash.git' },
38 silly resolved     engines: [ 'node', 'rhino' ],
38 silly resolved     files:
38 silly resolved      [ 'LICENSE.txt',
38 silly resolved        'lodash.js',
38 silly resolved        'dist/lodash.js',
38 silly resolved        'dist/lodash.min.js',
38 silly resolved        'dist/lodash.compat.js',
38 silly resolved        'dist/lodash.compat.min.js',
38 silly resolved        'dist/lodash.underscore.js',
38 silly resolved        'dist/lodash.underscore.min.js' ],
38 silly resolved     jam: { main: 'dist/lodash.compat.js', include: [Object] },
38 silly resolved     volo: { type: 'directory', ignore: [Object] },
38 silly resolved     _id: 'lodash@2.4.1',
38 silly resolved     dist:
38 silly resolved      { shasum: '5b7723034dda4d262e5a46fb2c58d7cc22f71420',
38 silly resolved        tarball: 'http://registry.npmjs.org/lodash/-/lodash-2.4.1.tgz' },
38 silly resolved     _from: 'lodash@*',
38 silly resolved     _npmVersion: '1.3.14',
38 silly resolved     _npmUser: { name: 'jdalton', email: 'john.david.dalton@gmail.com' },
38 silly resolved     maintainers: [ [Object], [Object], [Object], [Object] ],
38 silly resolved     directories: {},
38 silly resolved     _shasum: '5b7723034dda4d262e5a46fb2c58d7cc22f71420',
38 silly resolved     _resolved: 'https://registry.npmjs.org/lodash/-/lodash-2.4.1.tgz',
38 silly resolved     readme: 'ERROR: No README data found!' } ]
39 info install lodash@2.4.1 into /usr/local/lib
40 info installOne lodash@2.4.1
41 verbose lib/node_modules/lodash unbuild
42 verbose gentlyRm vacuuming /usr/local/lib/node_modules/lodash
43 verbose tar unpack /Users/bwebb/.npm/lodash/2.4.1/package.tgz
44 silly lockFile bbae722a-sr-local-lib-node-modules-lodash tar:///usr/local/lib/node_modules/lodash
45 verbose lock tar:///usr/local/lib/node_modules/lodash /Users/bwebb/.npm/bbae722a-sr-local-lib-node-modules-lodash.lock
46 silly lockFile e55822da-ebb-npm-lodash-2-4-1-package-tgz tar:///Users/bwebb/.npm/lodash/2.4.1/package.tgz
47 verbose lock tar:///Users/bwebb/.npm/lodash/2.4.1/package.tgz /Users/bwebb/.npm/e55822da-ebb-npm-lodash-2-4-1-package-tgz.lock
48 verbose gentlyRm vacuuming /usr/local/lib/node_modules/lodash
49 silly gunzTarPerm modes [ '755', '644' ]
50 verbose fstream_path /usr/local/lib/node_modules/lodash
51 verbose fstream_type Directory
52 verbose fstream_class DirWriter
53 verbose stack Error: EACCES, mkdir '/usr/local/lib/node_modules/lodash'
54 verbose fstream_stack /usr/local/lib/node_modules/npm/node_modules/fstream/lib/dir-writer.js:36:23
54 verbose fstream_stack /usr/local/lib/node_modules/npm/node_modules/mkdirp/index.js:46:53
54 verbose fstream_stack Object.oncomplete (fs.js:107:15)
55 verbose cwd /Users/bwebb/dev/yoscratch
56 error Darwin 12.5.0
57 error argv "node" "/usr/local/bin/npm" "install" "-g" "lodash"
58 error node v0.10.18
59 error npm  v2.0.2
60 error path /usr/local/lib/node_modules/lodash
61 error code EACCES
62 error errno 3
63 error Error: EACCES, mkdir '/usr/local/lib/node_modules/lodash'
63 error  { [Error: EACCES, mkdir '/usr/local/lib/node_modules/lodash']
63 error   errno: 3,
63 error   code: 'EACCES',
63 error   path: '/usr/local/lib/node_modules/lodash',
63 error   fstream_type: 'Directory',
63 error   fstream_path: '/usr/local/lib/node_modules/lodash',
63 error   fstream_class: 'DirWriter',
63 error   fstream_stack:
63 error    [ '/usr/local/lib/node_modules/npm/node_modules/fstream/lib/dir-writer.js:36:23',
63 error      '/usr/local/lib/node_modules/npm/node_modules/mkdirp/index.js:46:53',
63 error      'Object.oncomplete (fs.js:107:15)' ] }
64 error Please try running this command again as root/Administrator.
65 verbose exit [ 3, true ]
